<?xml version="1.0" encoding="UTF-8"?>
<!-- Generated by org.testng.reporters.JUnitReportReporter -->
<testsuite hostname="Vamsi-PC" name="main.java.TestCases" tests="2" failures="0" timestamp="27 Jan 2019 18:07:00 GMT" time="0.017" errors="0">
  <testcase name="test1" time="0.015" classname="main.java.TestCases"/>
  <testcase name="test2" time="0.002" classname="main.java.TestCases"/>
</testsuite> <!-- main.java.TestCases -->
