<?xml version="1.0" encoding="UTF-8"?>
<!-- Generated by org.testng.reporters.JUnitReportReporter -->
<testsuite hostname="Vamsi-PC" name="TestCases" tests="2" failures="0" timestamp="27 Jan 2019 17:41:14 GMT" time="0.037" errors="0">
  <testcase name="test1" time="0.034" classname="TestCases"/>
  <testcase name="test2" time="0.003" classname="TestCases"/>
</testsuite> <!-- TestCases -->
